<?xml version="1.0" encoding="UTF-8"?>
<!-- Generated by org.testng.reporters.JUnitReportReporter -->
<testsuite skipped="0" hostname="ASI-1" name="Login.LoginAppcase" tests="1" failures="0" timestamp="09 Feb 2018 16:47:57 GMT" time="13.124" errors="0">
  <testcase name="test1" time="13.124" classname="Login.LoginAppcase"/>
</testsuite> <!-- Login.LoginAppcase -->
