<?xml version="1.0" encoding="UTF-8"?>
<!-- Generated by org.testng.reporters.JUnitReportReporter -->
<testsuite skipped="0" hostname="ASI-1" name="com.Flight.qa.testcases.LoginPageTest" tests="1" failures="0" timestamp="09 Feb 2018 17:01:00 GMT" time="6.076" errors="0">
  <testcase name="loginTest" time="6.076" classname="com.Flight.qa.testcases.LoginPageTest"/>
</testsuite> <!-- com.Flight.qa.testcases.LoginPageTest -->
